<?xml version="1.0" encoding="UTF-8"?>
<!-- Generated by org.testng.reporters.JUnitXMLReporter -->
<testsuite hostname="Mandeep-PC" ignored="1" name="Test" tests="1" failures="0" timestamp="2021-05-13T18:35:01 GMT+04:00" time="34.654" errors="0">
  <testcase name="dockerrun" time="34.477" classname="org.docker.learn.DockerStandAloneBrowser"/>
  <testcase name="localrun" time="0.0" classname="org.docker.learn.DockerStandAloneBrowser">
    <ignored/>
  </testcase> <!-- localrun -->
</testsuite> <!-- Test -->
