<?xml version="1.0" encoding="UTF-8"?>
<testng-results skipped="0" failed="0" ignored="1" total="2" passed="1">
  <reporter-output>
  </reporter-output>
  <suite name="Suite" duration-ms="34654" started-at="2021-05-13T18:34:26 GMT+04:00" finished-at="2021-05-13T18:35:01 GMT+04:00">
    <groups>
    </groups>
    <test name="Test" duration-ms="34654" started-at="2021-05-13T18:34:26 GMT+04:00" finished-at="2021-05-13T18:35:01 GMT+04:00">
      <class name="org.docker.learn.DockerStandAloneBrowser">
        <test-method status="PASS" signature="dockerrun()[pri:0, instance:org.docker.learn.DockerStandAloneBrowser@146ba0ac]" name="dockerrun" duration-ms="34477" started-at="2021-05-13T18:34:26 GMT+04:00" finished-at="2021-05-13T18:35:01 GMT+04:00">
          <reporter-output>
          </reporter-output>
        </test-method> <!-- dockerrun -->
      </class> <!-- org.docker.learn.DockerStandAloneBrowser -->
    </test> <!-- Test -->
  </suite> <!-- Suite -->
</testng-results>
